2020-04-20 00:02:43.308  INFO 14140 --- [main] c.e.ec.exploreca.ExplorecaApplication    : Starting ExplorecaApplication on YULN34675635A with PID 14140 (C:\Users\i855677\Downloads\exploreca\exploreca\target\classes started by I855677 in C:\Users\i855677\Downloads\exploreca\exploreca)
2020-04-20 00:02:43.320 DEBUG 14140 --- [main] c.e.ec.exploreca.ExplorecaApplication    : Running with Spring Boot v2.2.6.RELEASE, Spring v5.2.5.RELEASE
2020-04-20 00:02:43.320  INFO 14140 --- [main] c.e.ec.exploreca.ExplorecaApplication    : The following profiles are active: mysql
2020-04-20 00:02:44.957  INFO 14140 --- [main] .s.d.r.c.RepositoryConfigurationDelegate : Bootstrapping Spring Data JPA repositories in DEFAULT mode.
2020-04-20 00:02:45.180  INFO 14140 --- [main] .s.d.r.c.RepositoryConfigurationDelegate : Finished Spring Data repository scanning in 202ms. Found 5 JPA repository interfaces.
2020-04-20 00:02:45.926  INFO 14140 --- [main] trationDelegate$BeanPostProcessorChecker : Bean 'org.springframework.security.config.annotation.configuration.ObjectPostProcessorConfiguration' of type [org.springframework.security.config.annotation.configuration.ObjectPostProcessorConfiguration] is not eligible for getting processed by all BeanPostProcessors (for example: not eligible for auto-proxying)
2020-04-20 00:02:45.933  INFO 14140 --- [main] trationDelegate$BeanPostProcessorChecker : Bean 'objectPostProcessor' of type [org.springframework.security.config.annotation.configuration.AutowireBeanFactoryObjectPostProcessor] is not eligible for getting processed by all BeanPostProcessors (for example: not eligible for auto-proxying)
2020-04-20 00:02:45.937  INFO 14140 --- [main] trationDelegate$BeanPostProcessorChecker : Bean 'org.springframework.security.access.expression.method.DefaultMethodSecurityExpressionHandler@1931d99' of type [org.springframework.security.access.expression.method.DefaultMethodSecurityExpressionHandler] is not eligible for getting processed by all BeanPostProcessors (for example: not eligible for auto-proxying)
2020-04-20 00:02:45.939  INFO 14140 --- [main] trationDelegate$BeanPostProcessorChecker : Bean 'org.springframework.security.config.annotation.method.configuration.GlobalMethodSecurityConfiguration' of type [org.springframework.security.config.annotation.method.configuration.GlobalMethodSecurityConfiguration] is not eligible for getting processed by all BeanPostProcessors (for example: not eligible for auto-proxying)
2020-04-20 00:02:45.948  INFO 14140 --- [main] trationDelegate$BeanPostProcessorChecker : Bean 'methodSecurityMetadataSource' of type [org.springframework.security.access.method.DelegatingMethodSecurityMetadataSource] is not eligible for getting processed by all BeanPostProcessors (for example: not eligible for auto-proxying)
2020-04-20 00:02:46.409  INFO 14140 --- [main] o.s.b.w.embedded.tomcat.TomcatWebServer  : Tomcat initialized with port(s): 8080 (http)
2020-04-20 00:02:46.419  INFO 14140 --- [main] o.apache.catalina.core.StandardService   : Starting service [Tomcat]
2020-04-20 00:02:46.420  INFO 14140 --- [main] org.apache.catalina.core.StandardEngine  : Starting Servlet engine: [Apache Tomcat/9.0.33]
2020-04-20 00:02:46.606  INFO 14140 --- [main] o.a.c.c.C.[Tomcat].[localhost].[/]       : Initializing Spring embedded WebApplicationContext
2020-04-20 00:02:46.607  INFO 14140 --- [main] o.s.web.context.ContextLoader            : Root WebApplicationContext: initialization completed in 3199 ms
2020-04-20 00:02:46.920  INFO 14140 --- [main] o.f.c.internal.license.VersionPrinter    : Flyway Community Edition 6.0.8 by Redgate
2020-04-20 00:02:46.932  INFO 14140 --- [main] com.zaxxer.hikari.HikariDataSource       : HikariPool-1 - Starting...
2020-04-20 00:02:52.131  INFO 14140 --- [main] com.zaxxer.hikari.HikariDataSource       : HikariPool-1 - Start completed.
2020-04-20 00:02:52.228  INFO 14140 --- [main] o.f.c.internal.database.DatabaseFactory  : Database: jdbc:mysql://localhost:6604/explorecali (MySQL 8.0)
2020-04-20 00:02:52.474  INFO 14140 --- [main] o.f.core.internal.command.DbValidate     : Successfully validated 6 migrations (execution time 00:00.055s)
2020-04-20 00:02:52.498  INFO 14140 --- [main] o.f.core.internal.command.DbMigrate      : Current version of schema `explorecali`: 2.2
2020-04-20 00:02:52.501  INFO 14140 --- [main] o.f.core.internal.command.DbMigrate      : Schema `explorecali` is up to date. No migration necessary.
2020-04-20 00:02:52.678  INFO 14140 --- [main] o.hibernate.jpa.internal.util.LogHelper  : HHH000204: Processing PersistenceUnitInfo [name: default]
2020-04-20 00:02:52.760  INFO 14140 --- [main] org.hibernate.Version                    : HHH000412: Hibernate ORM core version 5.4.12.Final
2020-04-20 00:02:52.923  INFO 14140 --- [main] o.hibernate.annotations.common.Version   : HCANN000001: Hibernate Commons Annotations {5.1.0.Final}
2020-04-20 00:02:53.131  INFO 14140 --- [main] org.hibernate.dialect.Dialect            : HHH000400: Using dialect: org.hibernate.dialect.MySQL8Dialect
2020-04-20 00:02:54.543  INFO 14140 --- [main] o.h.e.t.j.p.i.JtaPlatformInitiator       : HHH000490: Using JtaPlatform implementation: [org.hibernate.engine.transaction.jta.platform.internal.NoJtaPlatform]
2020-04-20 00:02:54.558  INFO 14140 --- [main] j.LocalContainerEntityManagerFactoryBean : Initialized JPA EntityManagerFactory for persistence unit 'default'
2020-04-20 00:02:55.168  WARN 14140 --- [main] JpaBaseConfiguration$JpaWebConfiguration : spring.jpa.open-in-view is enabled by default. Therefore, database queries may be performed during view rendering. Explicitly configure spring.jpa.open-in-view to disable this warning
2020-04-20 00:02:57.096  INFO 14140 --- [main] o.s.s.concurrent.ThreadPoolTaskExecutor  : Initializing ExecutorService 'applicationTaskExecutor'
2020-04-20 00:02:58.182  INFO 14140 --- [main] o.s.s.web.DefaultSecurityFilterChain     : Creating filter chain: Ant [pattern='/v2/api-docs'], []
2020-04-20 00:02:58.183  INFO 14140 --- [main] o.s.s.web.DefaultSecurityFilterChain     : Creating filter chain: Ant [pattern='/swagger-resources/**'], []
2020-04-20 00:02:58.184  INFO 14140 --- [main] o.s.s.web.DefaultSecurityFilterChain     : Creating filter chain: Ant [pattern='/swagger-ui.html'], []
2020-04-20 00:02:58.185  INFO 14140 --- [main] o.s.s.web.DefaultSecurityFilterChain     : Creating filter chain: Ant [pattern='/configuration/**'], []
2020-04-20 00:02:58.185  INFO 14140 --- [main] o.s.s.web.DefaultSecurityFilterChain     : Creating filter chain: Ant [pattern='/webjars/**'], []
2020-04-20 00:02:58.185  INFO 14140 --- [main] o.s.s.web.DefaultSecurityFilterChain     : Creating filter chain: Ant [pattern='/public'], []
2020-04-20 00:02:58.325  INFO 14140 --- [main] o.s.s.web.DefaultSecurityFilterChain     : Creating filter chain: any request, [org.springframework.security.web.context.request.async.WebAsyncManagerIntegrationFilter@1cab19e2, org.springframework.security.web.context.SecurityContextPersistenceFilter@4dffff9, org.springframework.security.web.header.HeaderWriterFilter@46e6458d, org.springframework.security.web.authentication.logout.LogoutFilter@7a274521, com.example.ec.exploreca.security.JwtTokenFilter@6879e983, org.springframework.security.web.savedrequest.RequestCacheAwareFilter@7bb25046, org.springframework.security.web.servletapi.SecurityContextHolderAwareRequestFilter@54f69311, org.springframework.security.web.authentication.AnonymousAuthenticationFilter@196d684b, org.springframework.security.web.session.SessionManagementFilter@5c9e3d01, org.springframework.security.web.access.ExceptionTranslationFilter@517bdce0, org.springframework.security.web.access.intercept.FilterSecurityInterceptor@2e4b5da1]
2020-04-20 00:02:58.474  INFO 14140 --- [main] o.apache.catalina.core.StandardService   : Stopping service [Tomcat]
2020-04-20 00:02:58.482  INFO 14140 --- [main] ConditionEvaluationReportLoggingListener : 

Error starting ApplicationContext. To display the conditions report re-run your application with 'debug' enabled.
2020-04-20 00:02:58.487 ERROR 14140 --- [main] o.s.b.d.LoggingFailureAnalysisReporter   : 

***************************
APPLICATION FAILED TO START
***************************

Description:

Web server failed to start. Port 8080 was already in use.

Action:

Identify and stop the process that's listening on port 8080 or configure this application to listen on another port.

2020-04-20 00:02:58.493  INFO 14140 --- [main] o.s.s.concurrent.ThreadPoolTaskExecutor  : Shutting down ExecutorService 'applicationTaskExecutor'
2020-04-20 00:02:58.496  INFO 14140 --- [main] j.LocalContainerEntityManagerFactoryBean : Closing JPA EntityManagerFactory for persistence unit 'default'
2020-04-20 00:02:58.497  INFO 14140 --- [main] com.zaxxer.hikari.HikariDataSource       : HikariPool-1 - Shutdown initiated...
2020-04-20 00:02:58.518  INFO 14140 --- [main] com.zaxxer.hikari.HikariDataSource       : HikariPool-1 - Shutdown completed.
